Arguments: 
  /snap/node/6619/bin/node /usr/local/bin/yarn

PATH: 
  /usr/local/sbin:/usr/local/bin:/usr/sbin:/usr/bin:/sbin:/bin:/usr/games:/usr/local/games:/snap/bin:/snap/bin

Yarn version: 
  1.22.18

Node version: 
  16.17.0

Platform: 
  linux x64

Trace: 
  Error: EACCES: permission denied, mkdir '/home/samuka/Área de Trabalho/MyProject/node_modules/accepts'

npm manifest: 
  {
     "name": "my-project",
     "version": "0.0.1",
     "description": "Awesome project developed with TypeORM.",
     "type": "commonjs",
     "devDependencies": {
        "@types/cors": "^2.8.12",
        "@types/express": "^4.17.14",
        "@types/node": "^16.11.10",
        "nodemon": "^2.0.20",
        "ts-node": "10.7.0",
        "typescript": "4.5.2"
     },
     "dependencies": {
        "cors": "^2.8.5",
        "express": "^4.18.1",
        "morgan": "^1.10.0",
        "pg": "^8.4.0",
        "reflect-metadata": "^0.1.13",
        "typeorm": "0.3.10"
     },
     "scripts": {
        "dev": "nodemon --exec ts-node src/server.ts",
        "start": "ts-node src/server.ts",
        "typeorm": "typeorm-ts-node-commonjs"
     }
  }

yarn manifest: 
  No manifest

Lockfile: 
  No lockfile
